Watching for file changes with StatReloader
Watching for file changes with StatReloader
Watching for file changes with StatReloader
D:\Kuliah\Semester 6\TA\160225\DevelopmentOf-DairyTrack-Platform\dairyTrack-api\Selling\sales_and_finance\settings.py changed, reloading.
Watching for file changes with StatReloader
D:\Kuliah\Semester 6\TA\160225\DevelopmentOf-DairyTrack-Platform\dairyTrack-api\Selling\sales_and_finance\settings.py changed, reloading.
Watching for file changes with StatReloader
Watching for file changes with StatReloader
Not Found: /media/products/strawberry_GUub5pV.jpg
Not Found: /media/products/strawberry_GUub5pV.jpg
Watching for file changes with StatReloader
Not Found: /media/products/strawberry_GUub5pV.jpg
Watching for file changes with StatReloader
Watching for file changes with StatReloader
Not Found: /finance/
Not Found: /finance/
Not Found: /media/products/strawberry_GUub5pV.jpg
Not Found: /finance/
Not Found: /finance/
Not Found: /finance/
Not Found: /finance/
Not Found: /finance/
Not Found: /finance/
Not Found: /media/products/strawberry_GUub5pV.jpg
Not Found: /finance/
Not Found: /finance/
pisaDocument options:
  src = '<!DOCTYPE html>\n<html>\n<head>\n    <style>\n        body { font-family: Arial, sans-serif; font-size: 12px; }\n        table { width: 100%; border-collapse: collapse; margin-top: 20px; }\n        th, td { border: 1px solid #000; padding: 8px; text-align: left; }\n        th { background-color: #f2f2f2; }\n    </style>\n</head>\n<body>\n    <h2>Laporan Keuangan</h2>\n    \n    <p>Periode: 01 May 2025 00:00 - 21 May 2025 23:59</p>\n    \n    <table>\n        <thead>\n            <tr>\n                <th>#</th>\n                <th>Tanggal</th>\n                <th>Jenis Transaksi</th>\n                <th>Deskripsi</th>\n                <th>Jumlah</th>\n            </tr>\n        </thead>\n        <tbody>\n            \n            <tr>\n                <td>1</td>\n                <td>19 May 2025 17:06</td>\n                <td>income</td>\n                <td>Sales Transaction 20</td>\n                <td>20000.00</td>\n            </tr>\n            \n            <tr>\n                <td>2</td>\n                <td>20 May 2025 17:06</td>\n                <td>expense</td>\n                <td>operational: biaya bahan bakar</td>\n                <td>100000.00</td>\n            </tr>\n            \n            <tr>\n                <td>3</td>\n                <td>20 May 2025 17:06</td>\n                <td>expense</td>\n                <td>operational: biaya bahan bakar</td>\n                <td>100000.00</td>\n            </tr>\n            \n        </tbody>\n    </table>\n</body>\n</html>\n'
  dest = <HttpResponse status_code=200, "application/pdf">
  path = ''
  link_callback = None
  xhtml = False
  context_meta = None
None
None
None
None
None
None
None
None
None
None
None
None
None
None
None
None
None
None
None
None
Col widths: [None, None, None, None, None]
Not Found: /media/products/strawberry_GUub5pV.jpg
Not Found: /media/products/strawberry_GUub5pV.jpg
Not Found: /media/products/strawberry_GUub5pV.jpg
Not Found: /media/products/strawberry_GUub5pV.jpg
Watching for file changes with StatReloader
Watching for file changes with StatReloader
Not Found: /media/products/strawberry_GUub5pV.jpg
Not Found: /media/products/strawberry_GUub5pV.jpg
Not Found: /media/products/strawberry_GUub5pV.jpg
Not Found: /media/products/strawberry_GUub5pV.jpg
Not Found: /media/products/strawberry_GUub5pV.jpg
Not Found: /media/products/strawberry_GUub5pV.jpg
Not Found: /media/products/strawberry_GUub5pV.jpg
Importing BlpImagePlugin
Importing BmpImagePlugin
Importing BufrStubImagePlugin
Importing CurImagePlugin
Importing DcxImagePlugin
Importing DdsImagePlugin
Importing EpsImagePlugin
Importing FitsImagePlugin
Importing FliImagePlugin
Importing FpxImagePlugin
Importing FtexImagePlugin
Importing GbrImagePlugin
Importing GifImagePlugin
Importing GribStubImagePlugin
Importing Hdf5StubImagePlugin
Importing IcnsImagePlugin
Importing IcoImagePlugin
Importing ImImagePlugin
Importing ImtImagePlugin
Importing IptcImagePlugin
Importing JpegImagePlugin
Importing Jpeg2KImagePlugin
Importing McIdasImagePlugin
Importing MicImagePlugin
Importing MpegImagePlugin
Importing MpoImagePlugin
Importing MspImagePlugin
Importing PalmImagePlugin
Importing PcdImagePlugin
Importing PcxImagePlugin
Importing PdfImagePlugin
Importing PixarImagePlugin
Importing PngImagePlugin
Importing PpmImagePlugin
Importing PsdImagePlugin
Importing QoiImagePlugin
Importing SgiImagePlugin
Importing SpiderImagePlugin
Importing SunImagePlugin
Importing TgaImagePlugin
Importing TiffImagePlugin
Importing WebPImagePlugin
Importing WmfImagePlugin
Importing XbmImagePlugin
Importing XpmImagePlugin
Importing XVThumbImagePlugin
Watching for file changes with StatReloader
Watching for file changes with StatReloader
Watching for file changes with StatReloader
Not Found: /media/products/AirAsia_New_Logo.png
Not Found: /media/products/AirAsia_New_Logo.png
Not Found: /media/products/AirAsia_New_Logo.png
D:\Kuliah\Semester 6\TA\Fork Sapi\DairyTrackHQ\dairyTrack-api\Selling\sales_and_finance\settings.py changed, reloading.
Watching for file changes with StatReloader
D:\Kuliah\Semester 6\TA\Fork Sapi\DairyTrackHQ\dairyTrack-api\Selling\sales_and_finance\settings.py changed, reloading.
Watching for file changes with StatReloader
D:\Kuliah\Semester 6\TA\Fork Sapi\DairyTrackHQ\dairyTrack-api\Selling\sales_and_finance\settings.py changed, reloading.
Watching for file changes with StatReloader
Importing BlpImagePlugin
Importing BmpImagePlugin
Importing BufrStubImagePlugin
Importing CurImagePlugin
Importing DcxImagePlugin
Importing DdsImagePlugin
Importing EpsImagePlugin
Importing FitsImagePlugin
Importing FliImagePlugin
Importing FpxImagePlugin
Importing FtexImagePlugin
Importing GbrImagePlugin
Importing GifImagePlugin
Importing GribStubImagePlugin
Importing Hdf5StubImagePlugin
Importing IcnsImagePlugin
Importing IcoImagePlugin
Importing ImImagePlugin
Importing ImtImagePlugin
Importing IptcImagePlugin
Importing JpegImagePlugin
Importing Jpeg2KImagePlugin
Importing McIdasImagePlugin
Importing MicImagePlugin
Importing MpegImagePlugin
Importing MpoImagePlugin
Importing MspImagePlugin
Importing PalmImagePlugin
Importing PcdImagePlugin
Importing PcxImagePlugin
Importing PdfImagePlugin
Importing PixarImagePlugin
Importing PngImagePlugin
Importing PpmImagePlugin
Importing PsdImagePlugin
Importing QoiImagePlugin
Importing SgiImagePlugin
Importing SpiderImagePlugin
Importing SunImagePlugin
Importing TgaImagePlugin
Importing TiffImagePlugin
Importing WebPImagePlugin
Importing WmfImagePlugin
Importing XbmImagePlugin
Importing XpmImagePlugin
Importing XVThumbImagePlugin
Internal Server Error: /product-stock
Traceback (most recent call last):
  File "C:\Users\khens\Envs\notesenv\Lib\site-packages\django\db\backends\utils.py", line 105, in _execute
    return self.cursor.execute(sql, params)
           ^^^^^^^^^^^^^^^^^^^^^^^^^^^^^^^^
  File "C:\Users\khens\Envs\notesenv\Lib\site-packages\django\db\backends\mysql\base.py", line 76, in execute
    return self.cursor.execute(query, args)
           ^^^^^^^^^^^^^^^^^^^^^^^^^^^^^^^^
  File "C:\Users\khens\Envs\notesenv\Lib\site-packages\MySQLdb\cursors.py", line 179, in execute
    res = self._query(mogrified_query)
          ^^^^^^^^^^^^^^^^^^^^^^^^^^^^
  File "C:\Users\khens\Envs\notesenv\Lib\site-packages\MySQLdb\cursors.py", line 330, in _query
    db.query(q)
  File "C:\Users\khens\Envs\notesenv\Lib\site-packages\MySQLdb\connections.py", line 280, in query
    _mysql.connection.query(self, query)
MySQLdb.OperationalError: (1054, "Unknown column 'feed_stock_id' in 'field list'")

The above exception was the direct cause of the following exception:

Traceback (most recent call last):
  File "C:\Users\khens\Envs\notesenv\Lib\site-packages\django\core\handlers\exception.py", line 55, in inner
    response = get_response(request)
               ^^^^^^^^^^^^^^^^^^^^^
  File "C:\Users\khens\Envs\notesenv\Lib\site-packages\django\core\handlers\base.py", line 197, in _get_response
    response = wrapped_callback(request, *callback_args, **callback_kwargs)
               ^^^^^^^^^^^^^^^^^^^^^^^^^^^^^^^^^^^^^^^^^^^^^^^^^^^^^^^^^^^^
  File "C:\Users\khens\Envs\notesenv\Lib\site-packages\django\views\decorators\csrf.py", line 65, in _view_wrapper
    return view_func(request, *args, **kwargs)
           ^^^^^^^^^^^^^^^^^^^^^^^^^^^^^^^^^^^
  File "C:\Users\khens\Envs\notesenv\Lib\site-packages\django\views\generic\base.py", line 104, in view
    return self.dispatch(request, *args, **kwargs)
           ^^^^^^^^^^^^^^^^^^^^^^^^^^^^^^^^^^^^^^^
  File "C:\Users\khens\Envs\notesenv\Lib\site-packages\rest_framework\views.py", line 509, in dispatch
    response = self.handle_exception(exc)
               ^^^^^^^^^^^^^^^^^^^^^^^^^^
  File "C:\Users\khens\Envs\notesenv\Lib\site-packages\rest_framework\views.py", line 469, in handle_exception
    self.raise_uncaught_exception(exc)
  File "C:\Users\khens\Envs\notesenv\Lib\site-packages\rest_framework\views.py", line 480, in raise_uncaught_exception
    raise exc
  File "C:\Users\khens\Envs\notesenv\Lib\site-packages\rest_framework\views.py", line 506, in dispatch
    response = handler(request, *args, **kwargs)
               ^^^^^^^^^^^^^^^^^^^^^^^^^^^^^^^^^
  File "C:\Users\khens\Envs\notesenv\Lib\site-packages\rest_framework\generics.py", line 246, in post
    return self.create(request, *args, **kwargs)
           ^^^^^^^^^^^^^^^^^^^^^^^^^^^^^^^^^^^^^
  File "D:\Kuliah\Semester 6\TA\Fork Sapi\DairyTrackHQ\dairyTrack-api\Selling\stock\views.py", line 108, in create
    return self.perform_create(serializer)
           ^^^^^^^^^^^^^^^^^^^^^^^^^^^^^^^
  File "D:\Kuliah\Semester 6\TA\Fork Sapi\DairyTrackHQ\dairyTrack-api\Selling\stock\views.py", line 81, in perform_create
    product_stock = serializer.save()
                    ^^^^^^^^^^^^^^^^^
  File "C:\Users\khens\Envs\notesenv\Lib\site-packages\rest_framework\serializers.py", line 208, in save
    self.instance = self.create(validated_data)
                    ^^^^^^^^^^^^^^^^^^^^^^^^^^^
  File "D:\Kuliah\Semester 6\TA\Fork Sapi\DairyTrackHQ\dairyTrack-api\Selling\stock\serializers.py", line 119, in create
    return super().create(validated_data)
           ^^^^^^^^^^^^^^^^^^^^^^^^^^^^^^
  File "C:\Users\khens\Envs\notesenv\Lib\site-packages\rest_framework\serializers.py", line 989, in create
    instance = ModelClass._default_manager.create(**validated_data)
               ^^^^^^^^^^^^^^^^^^^^^^^^^^^^^^^^^^^^^^^^^^^^^^^^^^^^
  File "C:\Users\khens\Envs\notesenv\Lib\site-packages\django\db\models\manager.py", line 87, in manager_method
    return getattr(self.get_queryset(), name)(*args, **kwargs)
           ^^^^^^^^^^^^^^^^^^^^^^^^^^^^^^^^^^^^^^^^^^^^^^^^^^^
  File "C:\Users\khens\Envs\notesenv\Lib\site-packages\django\db\models\query.py", line 679, in create
    obj.save(force_insert=True, using=self.db)
  File "D:\Kuliah\Semester 6\TA\Fork Sapi\DairyTrackHQ\dairyTrack-api\Selling\stock\models.py", line 141, in save
    super().save(*args, **kwargs)
  File "C:\Users\khens\Envs\notesenv\Lib\site-packages\django\db\models\base.py", line 891, in save
    self.save_base(
  File "C:\Users\khens\Envs\notesenv\Lib\site-packages\django\db\models\base.py", line 1012, in save_base
    post_save.send(
  File "C:\Users\khens\Envs\notesenv\Lib\site-packages\django\dispatch\dispatcher.py", line 189, in send
    response = receiver(signal=self, sender=sender, **named)
               ^^^^^^^^^^^^^^^^^^^^^^^^^^^^^^^^^^^^^^^^^^^^^
  File "D:\Kuliah\Semester 6\TA\Fork Sapi\DairyTrackHQ\dairyTrack-api\Selling\notifications\signals.py", line 21, in create_stock_notification
    Notification.objects.create(
  File "C:\Users\khens\Envs\notesenv\Lib\site-packages\django\db\models\manager.py", line 87, in manager_method
    return getattr(self.get_queryset(), name)(*args, **kwargs)
           ^^^^^^^^^^^^^^^^^^^^^^^^^^^^^^^^^^^^^^^^^^^^^^^^^^^
  File "C:\Users\khens\Envs\notesenv\Lib\site-packages\django\db\models\query.py", line 679, in create
    obj.save(force_insert=True, using=self.db)
  File "C:\Users\khens\Envs\notesenv\Lib\site-packages\django\db\models\base.py", line 891, in save
    self.save_base(
  File "C:\Users\khens\Envs\notesenv\Lib\site-packages\django\db\models\base.py", line 997, in save_base
    updated = self._save_table(
              ^^^^^^^^^^^^^^^^^
  File "C:\Users\khens\Envs\notesenv\Lib\site-packages\django\db\models\base.py", line 1160, in _save_table
    results = self._do_insert(
              ^^^^^^^^^^^^^^^^
  File "C:\Users\khens\Envs\notesenv\Lib\site-packages\django\db\models\base.py", line 1201, in _do_insert
    return manager._insert(
           ^^^^^^^^^^^^^^^^
  File "C:\Users\khens\Envs\notesenv\Lib\site-packages\django\db\models\manager.py", line 87, in manager_method
    return getattr(self.get_queryset(), name)(*args, **kwargs)
           ^^^^^^^^^^^^^^^^^^^^^^^^^^^^^^^^^^^^^^^^^^^^^^^^^^^
  File "C:\Users\khens\Envs\notesenv\Lib\site-packages\django\db\models\query.py", line 1847, in _insert
    return query.get_compiler(using=using).execute_sql(returning_fields)
           ^^^^^^^^^^^^^^^^^^^^^^^^^^^^^^^^^^^^^^^^^^^^^^^^^^^^^^^^^^^^^
  File "C:\Users\khens\Envs\notesenv\Lib\site-packages\django\db\models\sql\compiler.py", line 1836, in execute_sql
    cursor.execute(sql, params)
  File "C:\Users\khens\Envs\notesenv\Lib\site-packages\django\db\backends\utils.py", line 122, in execute
    return super().execute(sql, params)
           ^^^^^^^^^^^^^^^^^^^^^^^^^^^^
  File "C:\Users\khens\Envs\notesenv\Lib\site-packages\django\db\backends\utils.py", line 79, in execute
    return self._execute_with_wrappers(
           ^^^^^^^^^^^^^^^^^^^^^^^^^^^^
  File "C:\Users\khens\Envs\notesenv\Lib\site-packages\django\db\backends\utils.py", line 92, in _execute_with_wrappers
    return executor(sql, params, many, context)
           ^^^^^^^^^^^^^^^^^^^^^^^^^^^^^^^^^^^^
  File "C:\Users\khens\Envs\notesenv\Lib\site-packages\django\db\backends\utils.py", line 100, in _execute
    with self.db.wrap_database_errors:
  File "C:\Users\khens\Envs\notesenv\Lib\site-packages\django\db\utils.py", line 91, in __exit__
    raise dj_exc_value.with_traceback(traceback) from exc_value
  File "C:\Users\khens\Envs\notesenv\Lib\site-packages\django\db\backends\utils.py", line 105, in _execute
    return self.cursor.execute(sql, params)
           ^^^^^^^^^^^^^^^^^^^^^^^^^^^^^^^^
  File "C:\Users\khens\Envs\notesenv\Lib\site-packages\django\db\backends\mysql\base.py", line 76, in execute
    return self.cursor.execute(query, args)
           ^^^^^^^^^^^^^^^^^^^^^^^^^^^^^^^^
  File "C:\Users\khens\Envs\notesenv\Lib\site-packages\MySQLdb\cursors.py", line 179, in execute
    res = self._query(mogrified_query)
          ^^^^^^^^^^^^^^^^^^^^^^^^^^^^
  File "C:\Users\khens\Envs\notesenv\Lib\site-packages\MySQLdb\cursors.py", line 330, in _query
    db.query(q)
  File "C:\Users\khens\Envs\notesenv\Lib\site-packages\MySQLdb\connections.py", line 280, in query
    _mysql.connection.query(self, query)
django.db.utils.OperationalError: (1054, "Unknown column 'feed_stock_id' in 'field list'")
D:\Kuliah\Semester 6\TA\Fork Sapi\DairyTrackHQ\dairyTrack-api\Selling\notifications\models.py changed, reloading.
Watching for file changes with StatReloader
D:\Kuliah\Semester 6\TA\Fork Sapi\DairyTrackHQ\dairyTrack-api\Selling\notifications\models.py changed, reloading.
Watching for file changes with StatReloader
Validated data: {'customer_name': 'Kenan Tomfie Bukit', 'email': 'kenan@gmail.com', 'phone_number': '+6285264351660', 'location': 'Jakarta', 'shipping_cost': Decimal('500.00'), 'status': 'Requested', 'payment_method': None, 'order_items': [{'product_type': <ProductType: Susu Coklat>, 'quantity': 5}], 'notes': 'antar sampai depan rumah gerbang hitam'}
Order items data: [{'product_type': <ProductType: Susu Coklat>, 'quantity': 5}]
Product type: Susu Coklat, price: 10000.00
Creating OrderItem: product_type=Susu Coklat, price_per_unit=10000.00, quantity=5
OrderItem saved: 5 x Susu Coklat, total_price=50000.00
Order created: ORD64AFBA, total_price=50500.00
Starting new HTTPS connection (1): api.gupshup.io:443
https://api.gupshup.io:443 "POST /wa/api/v1/msg HTTP/1.1" 202 73
Gupshup response: {'status': 'submitted', 'messageId': '11306421-82ab-40c6-8f68-09f42bd404a6'}
Order created successfully: ORD64AFBA
OrderItem saved: 5 x Susu Coklat, total_price=50000.00
Starting new HTTPS connection (1): api.gupshup.io:443
https://api.gupshup.io:443 "POST /wa/api/v1/msg HTTP/1.1" 202 73
Gupshup response: {'status': 'submitted', 'messageId': '3958e622-56ef-4c7d-8c52-de94cabd6830'}
Order updated successfully: ORD64AFBA
Validated data: {'customer_name': 'Hasan Sinaga', 'email': 'hasan@gmail.com', 'phone_number': '+6285264351660', 'location': 'Medan', 'shipping_cost': Decimal('0.00'), 'status': 'Requested', 'payment_method': None, 'order_items': [{'product_type': <ProductType: Susu Coklat>, 'quantity': 2}], 'notes': 'gerbang hitam'}
Order items data: [{'product_type': <ProductType: Susu Coklat>, 'quantity': 2}]
Product type: Susu Coklat, price: 10000.00
Creating OrderItem: product_type=Susu Coklat, price_per_unit=10000.00, quantity=2
OrderItem saved: 2 x Susu Coklat, total_price=20000.00
Order created: ORDEBE405, total_price=20000.00
Starting new HTTPS connection (1): api.gupshup.io:443
https://api.gupshup.io:443 "POST /wa/api/v1/msg HTTP/1.1" 202 73
Gupshup response: {'status': 'submitted', 'messageId': '37bbf076-42e7-40df-a24b-f9b3c6fb36cd'}
Order created successfully: ORDEBE405
